Build started 13/08/2014 15:41:48.
     1>Project "C:\Users\Tim\Documents\Projects\GlutPong3D\Libraries\freeglut-2.6.0\VisualStudio2008\Fractals_random\Fractals_random.vcxproj" on node 5 (Build target(s)).
     1>ClCompile:
         C:\Program Files (x86)\Microsoft Visual Studio 12.0\VC\bin\CL.exe /c /I..\..\include /Zi /nologo /W3 /WX- /O2 /Oi /Oy- /GL /D WIN32 /D NDEBUG /D _CONSOLE /D _UNICODE /D UNICODE /Gm- /EHsc /MD /GS /Gy /fp:precise /Zc:wchar_t /Zc:forScope /Fo"Release\\" /Fd"Release\vc120.pdb" /Gd /TC /analyze- /errorReport:prompt ..\..\progs\demos\Fractals_random\fractals_random.c
         fractals_random.c
     1>..\..\progs\demos\Fractals_random\fractals_random.c(270): warning C4996: 'fopen': This function or variable may be unsafe. Consider using fopen_s instead. To disable deprecation, use _CRT_SECURE_NO_WARNINGS. See online help for details.
                 C:\Program Files (x86)\Microsoft Visual Studio 12.0\VC\include\stdio.h(211) : see declaration of 'fopen'
     1>..\..\progs\demos\Fractals_random\fractals_random.c(289): warning C4996: 'sscanf': This function or variable may be unsafe. Consider using sscanf_s instead. To disable deprecation, use _CRT_SECURE_NO_WARNINGS. See online help for details.
                 C:\Program Files (x86)\Microsoft Visual Studio 12.0\VC\include\stdio.h(304) : see declaration of 'sscanf'
     1>..\..\progs\demos\Fractals_random\fractals_random.c(296): warning C4996: 'sscanf': This function or variable may be unsafe. Consider using sscanf_s instead. To disable deprecation, use _CRT_SECURE_NO_WARNINGS. See online help for details.
                 C:\Program Files (x86)\Microsoft Visual Studio 12.0\VC\include\stdio.h(304) : see declaration of 'sscanf'
     1>..\..\progs\demos\Fractals_random\fractals_random.c(308): warning C4996: 'sscanf': This function or variable may be unsafe. Consider using sscanf_s instead. To disable deprecation, use _CRT_SECURE_NO_WARNINGS. See online help for details.
                 C:\Program Files (x86)\Microsoft Visual Studio 12.0\VC\include\stdio.h(304) : see declaration of 'sscanf'
     1>..\..\progs\demos\Fractals_random\fractals_random.c(314): warning C4996: 'strcpy': This function or variable may be unsafe. Consider using strcpy_s instead. To disable deprecation, use _CRT_SECURE_NO_WARNINGS. See online help for details.
       Link:
         C:\Program Files (x86)\Microsoft Visual Studio 12.0\VC\bin\link.exe /ERRORREPORT:PROMPT /OUT:"C:\Users\Tim\Documents\Projects\GlutPong3D\Libraries\freeglut-2.6.0\VisualStudio2008\Release\Fractals_random.exe" /INCREMENTAL:NO /NOLOGO kernel32.lib user32.lib gdi32.lib winspool.lib comdlg32.lib advapi32.lib shell32.lib ole32.lib oleaut32.lib uuid.lib odbc32.lib odbccp32.lib /MANIFEST /MANIFESTUAC:"level='asInvoker' uiAccess='false'" /manifest:embed /DEBUG /PDB:"C:\Users\Tim\Documents\Projects\GlutPong3D\Libraries\freeglut-2.6.0\VisualStudio2008\Release\Fractals_random.pdb" /SUBSYSTEM:CONSOLE /OPT:REF /OPT:ICF /LTCG /TLBID:1 /DYNAMICBASE /NXCOMPAT /IMPLIB:"C:\Users\Tim\Documents\Projects\GlutPong3D\Libraries\freeglut-2.6.0\VisualStudio2008\Release\Fractals_random.lib" /MACHINE:X86 /SAFESEH Release\fractals_random.obj
         "C:\Users\Tim\Documents\Projects\GlutPong3D\Libraries\freeglut-2.6.0\VisualStudio2008\Release\freeglut.lib"
         Generating code
         Finished generating code
         Fractals_random.vcxproj -> C:\Users\Tim\Documents\Projects\GlutPong3D\Libraries\freeglut-2.6.0\VisualStudio2008\Release\Fractals_random.exe
     1>Done Building Project "C:\Users\Tim\Documents\Projects\GlutPong3D\Libraries\freeglut-2.6.0\VisualStudio2008\Fractals_random\Fractals_random.vcxproj" (Build target(s)).

Build succeeded.

Time Elapsed 00:00:01.36
