Build started 13/08/2014 15:41:49.
     1>Project "C:\Users\Tim\Documents\Projects\GlutPong3D\Libraries\freeglut-2.6.0\VisualStudio2008\Lorenz\Lorenz.vcxproj" on node 7 (Build target(s)).
     1>ClCompile:
         C:\Program Files (x86)\Microsoft Visual Studio 12.0\VC\bin\CL.exe /c /I..\..\include /Zi /nologo /W3 /WX- /O2 /Oi /Oy- /GL /D WIN32 /D NDEBUG /D _CONSOLE /D _UNICODE /D UNICODE /Gm- /EHsc /MD /GS /Gy /fp:precise /Zc:wchar_t /Zc:forScope /Fo"Release\\" /Fd"Release\vc120.pdb" /Gd /TC /analyze- /errorReport:prompt ..\..\progs\demos\Lorenz\lorenz.c
         lorenz.c
     1>..\..\progs\demos\Lorenz\lorenz.c(157): warning C4996: 'sscanf': This function or variable may be unsafe. Consider using sscanf_s instead. To disable deprecation, use _CRT_SECURE_NO_WARNINGS. See online help for details.
                 C:\Program Files (x86)\Microsoft Visual Studio 12.0\VC\include\stdio.h(304) : see declaration of 'sscanf'
     1>..\..\progs\demos\Lorenz\lorenz.c(161): warning C4996: 'sscanf': This function or variable may be unsafe. Consider using sscanf_s instead. To disable deprecation, use _CRT_SECURE_NO_WARNINGS. See online help for details.
                 C:\Program Files (x86)\Microsoft Visual Studio 12.0\VC\include\stdio.h(304) : see declaration of 'sscanf'
     1>..\..\progs\demos\Lorenz\lorenz.c(165): warning C4996: 'sscanf': This function or variable may be unsafe. Consider using sscanf_s instead. To disable deprecation, use _CRT_SECURE_NO_WARNINGS. See online help for details.
                 C:\Program Files (x86)\Microsoft Visual Studio 12.0\VC\include\stdio.h(304) : see declaration of 'sscanf'
     1>..\..\progs\demos\Lorenz\lorenz.c(253): warning C4996: '_vsnprintf': This function or variable may be unsafe. Consider using _vsnprintf_s instead. To disable deprecation, use _CRT_SECURE_NO_WARNINGS. See online help for details.
                 C:\Program Files (x86)\Microsoft Visual Studio 12.0\VC\include\stdio.h(346) : see declaration of '_vsnprintf'
       Link:
         C:\Program Files (x86)\Microsoft Visual Studio 12.0\VC\bin\link.exe /ERRORREPORT:PROMPT /OUT:"C:\Users\Tim\Documents\Projects\GlutPong3D\Libraries\freeglut-2.6.0\VisualStudio2008\Release\Lorenz.exe" /INCREMENTAL:NO /NOLOGO kernel32.lib user32.lib gdi32.lib winspool.lib comdlg32.lib advapi32.lib shell32.lib ole32.lib oleaut32.lib uuid.lib odbc32.lib odbccp32.lib /MANIFEST /MANIFESTUAC:"level='asInvoker' uiAccess='false'" /manifest:embed /DEBUG /PDB:"C:\Users\Tim\Documents\Projects\GlutPong3D\Libraries\freeglut-2.6.0\VisualStudio2008\Release\Lorenz.pdb" /SUBSYSTEM:CONSOLE /OPT:REF /OPT:ICF /LTCG /TLBID:1 /DYNAMICBASE /NXCOMPAT /IMPLIB:"C:\Users\Tim\Documents\Projects\GlutPong3D\Libraries\freeglut-2.6.0\VisualStudio2008\Release\Lorenz.lib" /MACHINE:X86 /SAFESEH Release\lorenz.obj
         "C:\Users\Tim\Documents\Projects\GlutPong3D\Libraries\freeglut-2.6.0\VisualStudio2008\Release\freeglut.lib"
         Generating code
         Finished generating code
         Lorenz.vcxproj -> C:\Users\Tim\Documents\Projects\GlutPong3D\Libraries\freeglut-2.6.0\VisualStudio2008\Release\Lorenz.exe
     1>Done Building Project "C:\Users\Tim\Documents\Projects\GlutPong3D\Libraries\freeglut-2.6.0\VisualStudio2008\Lorenz\Lorenz.vcxproj" (Build target(s)).

Build succeeded.

Time Elapsed 00:00:01.28
